<?xml version="1.0" encoding="UTF-8"?>
<TestRun id="a998ca8d-55e4-412c-8a84-0a6743c99b31" name="coyot@MORPHEUS 2010-05-30 16:26:47" runUser="Morpheus\coyot" xmlns="http://microsoft.com/schemas/VisualStudio/TeamTest/2006">
  <TestRunConfiguration name="Local Test Run" id="1983e1a9-68c7-41e2-a4f5-1b3921e43e33">
    <Description>This is a default test run configuration for a local test run.</Description>
    <Deployment runDeploymentRoot="D:\MGR\aCuda\src\aCuda\aCudaResearch\TestResults\coyot_MORPHEUS 2010-05-30 16_26_47">
      <DeploymentItem filename="D:\MGR\aCuda\src\aCuda\aCudaResearch\aCudaResearch.Tests\aCudaResearch.Moles.dll" />
      <DeploymentItem filename="D:\MGR\aCuda\src\aCuda\aCudaResearch\aCudaResearch\bin\Debug\aCudaResearch.exe" />
    </Deployment>
    <TestTypeSpecific />
  </TestRunConfiguration>
  <ResultSummary outcome="Failed">
    <Counters total="2" executed="2" passed="1" error="0" failed="1" timeout="0" aborted="0" inconclusive="0" passedButRunAborted="0" notRunnable="0" notExecuted="0" disconnected="0" warning="0" completed="0" inProgress="0" pending="0" />
  </ResultSummary>
  <Times creation="2010-05-30T16:26:47.9189049+02:00" queuing="2010-05-30T16:26:54.5292830+02:00" start="2010-05-30T16:26:54.8933038+02:00" finish="2010-05-30T16:26:56.0803717+02:00" />
  <TestDefinitions>
    <UnitTest name="ConstructorThrowsNullReferenceException31" storage="d:\mgr\acuda\src\acuda\acudaresearch\acudaresearch.tests\bin\debug\acudaresearch.tests.dll" id="dc2e3d21-65dc-2b06-ca93-1ba836942088">
      <Css projectStructure="" iteration="" />
      <Owners>
        <Owner name="" />
      </Owners>
      <Execution id="6c1d4084-2ba0-4c95-a497-c42e41eaf83a" />
      <TestMethod codeBase="D:\MGR\aCuda\src\aCuda\aCudaResearch\aCudaResearch.Tests\bin\Debug\aCudaResearch.Tests.dll" adapterTypeName="Microsoft.VisualStudio.TestTools.TestTypes.Unit.UnitTestAdapter, Microsoft.VisualStudio.QualityTools.Tips.UnitTest.Adapter, Version=9.0.0.0, Culture=neutral, PublicKeyToken=b03f5f7f11d50a3a" className="aCudaResearch.ExecutionSettingsTest, aCudaResearch.Tests" name="ConstructorThrowsNullReferenceException31" />
    </UnitTest>
    <UnitTest name="TestMethod1" storage="d:\mgr\acuda\src\acuda\acudaresearch\acudaresearch.tests\bin\debug\acudaresearch.tests.dll" id="c7bcce17-f24f-dd92-5420-38dc73cfa022">
      <Css projectStructure="" iteration="" />
      <Owners>
        <Owner name="" />
      </Owners>
      <Execution id="f4643039-4cb7-41b0-b723-e98172211039" />
      <TestMethod codeBase="D:\MGR\aCuda\src\aCuda\aCudaResearch\aCudaResearch.Tests\bin\Debug\aCudaResearch.Tests.dll" adapterTypeName="Microsoft.VisualStudio.TestTools.TestTypes.Unit.UnitTestAdapter, Microsoft.VisualStudio.QualityTools.Tips.UnitTest.Adapter, Version=9.0.0.0, Culture=neutral, PublicKeyToken=b03f5f7f11d50a3a" className="aCudaResearch.Tests.PlainTest, aCudaResearch.Tests" name="TestMethod1" />
    </UnitTest>
  </TestDefinitions>
  <TestLists>
    <TestList name="Results Not in a List" id="8c84fa94-04c1-424b-9868-57a2d4851a1d" />
    <TestList name="All Loaded Results" id="19431567-8539-422a-85d7-44ee4e166bda" />
  </TestLists>
  <TestEntries>
    <TestEntry testId="dc2e3d21-65dc-2b06-ca93-1ba836942088" executionId="6c1d4084-2ba0-4c95-a497-c42e41eaf83a" testListId="8c84fa94-04c1-424b-9868-57a2d4851a1d" />
    <TestEntry testId="c7bcce17-f24f-dd92-5420-38dc73cfa022" executionId="f4643039-4cb7-41b0-b723-e98172211039" testListId="8c84fa94-04c1-424b-9868-57a2d4851a1d" />
  </TestEntries>
  <Results>
    <UnitTestResult executionId="6c1d4084-2ba0-4c95-a497-c42e41eaf83a" testId="dc2e3d21-65dc-2b06-ca93-1ba836942088" testName="ConstructorThrowsNullReferenceException31" computerName="MORPHEUS" duration="00:00:00.1109886" startTime="2010-05-30T16:26:55.1043159+02:00" endTime="2010-05-30T16:26:55.9293631+02:00" testType="13cdc9d9-ddb5-4fa4-a97d-d965ccfc6d4b" outcome="Failed" testListId="8c84fa94-04c1-424b-9868-57a2d4851a1d">
      <Output>
        <ErrorInfo>
          <Message>Test method aCudaResearch.ExecutionSettingsTest.ConstructorThrowsNullReferenceException31 threw exception:  System.NullReferenceException: Object reference not set to an instance of an object..</Message>
          <StackTrace>    at aCudaResearch.ExecutionSettings..ctor(XElement source) in D:\MGR\aCuda\src\aCuda\aCudaResearch\aCudaResearch\ExecutionSettings.cs:line 19
   at aCudaResearch.ExecutionSettingsTest.Constructor(XElement source) in D:\MGR\aCuda\src\aCuda\aCudaResearch\aCudaResearch.Tests\ExecutionSettingsTest01.cs:line 22
   at aCudaResearch.ExecutionSettingsTest.ConstructorThrowsNullReferenceException31() in D:\MGR\aCuda\src\aCuda\aCudaResearch\aCudaResearch.Tests\ExecutionSettingsTest.Constructor.g.cs:line 26
</StackTrace>
        </ErrorInfo>
      </Output>
    </UnitTestResult>
    <UnitTestResult executionId="f4643039-4cb7-41b0-b723-e98172211039" testId="c7bcce17-f24f-dd92-5420-38dc73cfa022" testName="TestMethod1" computerName="MORPHEUS" duration="00:00:00.0007451" startTime="2010-05-30T16:26:55.9593648+02:00" endTime="2010-05-30T16:26:55.9633650+02:00" testType="13cdc9d9-ddb5-4fa4-a97d-d965ccfc6d4b" outcome="Passed" testListId="8c84fa94-04c1-424b-9868-57a2d4851a1d">
      <Output>
      </Output>
    </UnitTestResult>
  </Results>
</TestRun>